<?xml version="1.0" encoding="UTF-8"?>
<!-- Generated by org.testng.reporters.JUnitXMLReporter -->
<testsuite hostname="DESKTOP-RTQHL3J" ignored="1" name="Test" tests="3" failures="0" timestamp="02 Mar 2022 09:10:25 GMT" time="14.066" errors="0">
  <testcase name="Testcase1" time="0.008" classname="day5.NewTest"/>
  <testcase name="Testcase2" time="0.005" classname="day5.NewTest"/>
  <testcase name="LoginTestcase" time="3.33" classname="day5.TestNGExercise2"/>
  <testcase name="FlightTestcase" time="0.0" classname="day5.TestNGExercise2">
    <ignored/>
  </testcase> <!-- FlightTestcase -->
</testsuite> <!-- Test -->
